
Showing logs for build [32mcb-kubecd-environment-pr-1113-2-5hphv-1[0m stage [32mfrom-build-pack[0m and container [32mstep-credential-initializer-jn6cz[0m
{"level":"warn","ts":1578626232.0630944,"logger":"fallback-logger","caller":"logging/config.go:69","msg":"Fetch GitHub commit ID from kodata failed: \"ref: refs/heads/0.8.0-**-support-backwards-incompats\" is not a valid GitHub commit ID"}
{"level":"info","ts":1578626232.063831,"logger":"fallback-logger","caller":"creds-init/main.go:40","msg":"Credentials initialized."}

Showing logs for build [32mcb-kubecd-environment-pr-1113-2-5hphv-1[0m stage [32mfrom-build-pack[0m and container [32mstep-working-dir-initializer-mzs5m[0m
{"level":"warn","ts":1578626233.8303652,"logger":"fallback-logger","caller":"logging/config.go:69","msg":"Fetch GitHub commit ID from kodata failed: open /var/run/ko/HEAD: no such file or directory"}
{"level":"info","ts":1578626233.8361967,"logger":"fallback-logger","caller":"bash/main.go:64","msg":"Successfully executed command \"sh -c mkdir -p /workspace/source\"; output "}

Showing logs for build [32mcb-kubecd-environment-pr-1113-2-5hphv-1[0m stage [32mfrom-build-pack[0m and container [32mstep-place-tools[0m

Showing logs for build [32mcb-kubecd-environment-pr-1113-2-5hphv-1[0m stage [32mfrom-build-pack[0m and container [32mstep-git-source-cb-kubecd-environment-pr-1113-2-ctr4f[0m
{"level":"warn","ts":1578626237.910819,"logger":"fallback-logger","caller":"logging/config.go:69","msg":"Fetch GitHub commit ID from kodata failed: \"ref: refs/heads/0.8.0-**-support-backwards-incompats\" is not a valid GitHub commit ID"}
{"level":"info","ts":1578626238.9209058,"logger":"fallback-logger","caller":"git/git.go:103","msg":"Successfully cloned https://github.com/cb-kubecd/environment-pr-1113-2-bdd-frontend-staging.git @ master in path /workspace/source"}

Showing logs for build [32mcb-kubecd-environment-pr-1113-2-5hphv-1[0m stage [32mfrom-build-pack[0m and container [32mstep-git-merge[0m
Using SHAs from PULL_REFS=master:814adb63168a9d10ce1b1fd4c76372e8f63be644,1:0ef837a09ed53cc6dddb4e31eca192bd4e6edaf3
DEBUG: ran git fetch --unshallow origin 0ef837a09ed53cc6dddb4e31eca192bd4e6edaf3: 814adb63168a9d10ce1b1fd4c76372e8f63be644: in 
DEBUG: ran git checkout master in 
DEBUG: ran git reset --hard 814adb63168a9d10ce1b1fd4c76372e8f63be644 in 
DEBUG: ran clean --force -d . in 
DEBUG: ran git merge 0ef837a09ed53cc6dddb4e31eca192bd4e6edaf3 in 
Merged SHA 0ef837a09ed53cc6dddb4e31eca192bd4e6edaf3 with commit message 'chore: Promote bdd-nh-1578625495 to version 0.0.1' into base branch master

Showing logs for build [32mcb-kubecd-environment-pr-1113-2-5hphv-1[0m stage [32mfrom-build-pack[0m and container [32mstep-build-helm-build[0m
WARNING: No $CHART_REPOSITORY defined so using the default value of: http://jenkins-x-chartmuseum:8080
Adding missing Helm repo: storage.googleapis.com https://storage.googleapis.com/chartmuseum.jenkins-x.io
WARNING: No secrets found on "helm/repos" due: reading the secret "helm/repos" from vault: no secret "helm/repos" not found in vault
Read credentials for https://storage.googleapis.com/chartmuseum.jenkins-x.io from vault helm/repos
Successfully added Helm repository storage.googleapis.com.
Adding missing Helm repo: jenkins-x-chartmuseum http://jenkins-x-chartmuseum:8080
WARNING: No secrets found on "helm/repos" due: reading the secret "helm/repos" from vault: no secret "helm/repos" not found in vault
Read credentials for http://jenkins-x-chartmuseum:8080 from vault helm/repos
Successfully added Helm repository jenkins-x-chartmuseum.
WARNING: No $CHART_REPOSITORY defined so using the default value of: http://jenkins-x-chartmuseum:8080
Adding missing Helm repo: chartmuseum.jenkins-x.io http://chartmuseum.jenkins-x.io
WARNING: No secrets found on "helm/repos" due: reading the secret "helm/repos" from vault: no secret "helm/repos" not found in vault
Read credentials for http://chartmuseum.jenkins-x.io from vault helm/repos
Successfully added Helm repository chartmuseum.jenkins-x.io.
